  AttackBase.cpp
  AttackPatternBase.cpp
c:\users\erikg\source\repos\bumboengine\bumboengine\attackpatternbase.cpp(100): warning C4244: '=': conversion from 'double' to 'int', possible loss of data
c:\users\erikg\source\repos\bumboengine\bumboengine\attackpatternbase.cpp(101): warning C4244: '=': conversion from 'double' to 'int', possible loss of data
  Attack_HorizontalLine.cpp
  AttackPattern_ShootHorizontal.cpp
  Inventory.cpp
c:\users\erikg\source\repos\bumboengine\bumboengine\item.h(1): warning C4067: unexpected tokens following preprocessor directive - expected a newline
c:\users\erikg\source\repos\bumboengine\bumboengine\inventory.cpp(58): warning C4018: '<': signed/unsigned mismatch
c:\users\erikg\source\repos\bumboengine\bumboengine\inventory.cpp(107): warning C4018: '<=': signed/unsigned mismatch
  MatrixBase.cpp
c:\users\erikg\source\repos\bumboengine\bumboengine\matrixbase.cpp(11): warning C4244: '=': conversion from 'double' to 'int', possible loss of data
c:\users\erikg\source\repos\bumboengine\bumboengine\matrixbase.cpp(12): warning C4244: '=': conversion from 'double' to 'int', possible loss of data
c:\users\erikg\source\repos\bumboengine\bumboengine\matrixbase.cpp(13): warning C4244: '=': conversion from 'double' to 'int', possible loss of data
c:\users\erikg\source\repos\bumboengine\bumboengine\matrixbase.cpp(14): warning C4244: '=': conversion from 'double' to 'int', possible loss of data
c:\users\erikg\source\repos\bumboengine\bumboengine\matrixbase.cpp(41): warning C4244: '=': conversion from 'double' to 'int', possible loss of data
c:\users\erikg\source\repos\bumboengine\bumboengine\matrixbase.cpp(42): warning C4244: '=': conversion from 'double' to 'int', possible loss of data
c:\users\erikg\source\repos\bumboengine\bumboengine\matrixbase.cpp(43): warning C4244: '=': conversion from 'double' to 'int', possible loss of data
c:\users\erikg\source\repos\bumboengine\bumboengine\matrixbase.cpp(44): warning C4244: '=': conversion from 'double' to 'int', possible loss of data
  MatrixManager.cpp
c:\users\erikg\source\repos\bumboengine\bumboengine\item.h(1): warning C4067: unexpected tokens following preprocessor directive - expected a newline
c:\users\erikg\source\repos\bumboengine\bumboengine\item.h(1): warning C4067: unexpected tokens following preprocessor directive - expected a newline
  Image.cpp
  Source.cpp
c:\users\erikg\source\repos\bumboengine\bumboengine\item.h(1): warning C4067: unexpected tokens following preprocessor directive - expected a newline
  StartScreen.cpp
  Generating Code...
  BumboEngine.vcxproj -> C:\Users\erikg\source\repos\BumboEngine\Debug\BumboEngine.exe
