c:\users\erik\documents\github\bumboengine\bumboengine\debug\vc141.pdb
c:\users\erik\documents\github\bumboengine\bumboengine\debug\vc141.idb
c:\users\erik\documents\github\bumboengine\bumboengine\debug\worldbase.obj
c:\users\erik\documents\github\bumboengine\bumboengine\debug\startscreen.obj
c:\users\erik\documents\github\bumboengine\bumboengine\debug\source.obj
c:\users\erik\documents\github\bumboengine\bumboengine\debug\popup.obj
c:\users\erik\documents\github\bumboengine\bumboengine\debug\playersprite.obj
c:\users\erik\documents\github\bumboengine\bumboengine\debug\matrixmanager.obj
c:\users\erik\documents\github\bumboengine\bumboengine\debug\matrixbase.obj
c:\users\erik\documents\github\bumboengine\bumboengine\debug\main.obj
c:\users\erik\documents\github\bumboengine\bumboengine\debug\inventory.obj
c:\users\erik\documents\github\bumboengine\bumboengine\debug\image.obj
c:\users\erik\documents\github\bumboengine\bumboengine\debug\dialogbase.obj
c:\users\erik\documents\github\bumboengine\bumboengine\debug\battlebase.obj
c:\users\erik\documents\github\bumboengine\bumboengine\debug\attack_horizontalline.obj
c:\users\erik\documents\github\bumboengine\bumboengine\debug\attackpattern_shoothorizontal.obj
c:\users\erik\documents\github\bumboengine\bumboengine\debug\attackpatternbase.obj
c:\users\erik\documents\github\bumboengine\bumboengine\debug\attackbase.obj
c:\users\erik\documents\github\bumboengine\bumboengine\debug\launchwin32windowfromconsole.res
c:\users\erik\documents\github\bumboengine\bumboengine\debug\chr_allmight.obj
c:\users\erik\documents\github\bumboengine\bumboengine\debug\signpost.obj
c:\users\erik\documents\github\bumboengine\bumboengine\debug\wideimage.obj
c:\users\erik\documents\github\bumboengine\bumboengine\debug\dialogbase.obj.enc
c:\users\erik\documents\github\bumboengine\bumboengine\debug\launchwin32windowfromconsole (vs 2013).ilk
c:\users\erik\documents\github\bumboengine\bumboengine\debug\launchwin32windowfromconsole (vs 2013).pdb
c:\users\erik\documents\github\bumboengine\debug\launchwin32windowfromconsole (vs 2013).pdb
c:\users\erik\documents\github\bumboengine\bumboengine\debug\launchwi.7096749f.tlog\cl.command.1.tlog
c:\users\erik\documents\github\bumboengine\bumboengine\debug\launchwi.7096749f.tlog\cl.read.1.tlog
c:\users\erik\documents\github\bumboengine\bumboengine\debug\launchwi.7096749f.tlog\cl.write.1.tlog
c:\users\erik\documents\github\bumboengine\bumboengine\debug\launchwi.7096749f.tlog\link.command.1.tlog
c:\users\erik\documents\github\bumboengine\bumboengine\debug\launchwi.7096749f.tlog\link.read.1.tlog
c:\users\erik\documents\github\bumboengine\bumboengine\debug\launchwi.7096749f.tlog\link.write.1.tlog
c:\users\erik\documents\github\bumboengine\bumboengine\debug\launchwi.7096749f.tlog\rc.command.1.tlog
c:\users\erik\documents\github\bumboengine\bumboengine\debug\launchwi.7096749f.tlog\rc.read.1.tlog
c:\users\erik\documents\github\bumboengine\bumboengine\debug\launchwi.7096749f.tlog\rc.write.1.tlog
